0 info it worked if it ends with ok
1 verbose cli [ '/usr/local/bin/node',
1 verbose cli   '/usr/local/bin/npm',
1 verbose cli   'install',
1 verbose cli   '-g',
1 verbose cli   'now' ]
2 info using npm@3.10.10
3 info using node@v6.10.3
4 silly loadCurrentTree Starting
5 silly install loadCurrentTree
6 silly install readGlobalPackageData
7 silly fetchPackageMetaData now
8 silly fetchNamedPackageData now
9 silly mapToRegistry name now
10 silly mapToRegistry using default registry
11 silly mapToRegistry registry https://registry.npmjs.org/
12 silly mapToRegistry data Result {
12 silly mapToRegistry   raw: 'now',
12 silly mapToRegistry   scope: null,
12 silly mapToRegistry   escapedName: 'now',
12 silly mapToRegistry   name: 'now',
12 silly mapToRegistry   rawSpec: '',
12 silly mapToRegistry   spec: 'latest',
12 silly mapToRegistry   type: 'tag' }
13 silly mapToRegistry uri https://registry.npmjs.org/now
14 verbose request uri https://registry.npmjs.org/now
15 verbose request no auth needed
16 info attempt registry request try #1 at 4:51:13 PM
17 verbose request id abc427aaeaca9854
18 http request GET https://registry.npmjs.org/now
19 http 200 https://registry.npmjs.org/now
20 verbose headers { date: 'Mon, 04 Feb 2019 21:51:14 GMT',
20 verbose headers   'content-type': 'application/json',
20 verbose headers   'transfer-encoding': 'chunked',
20 verbose headers   connection: 'keep-alive',
20 verbose headers   'set-cookie': [ '__cfduid=de261bbc2a7135f9e9a8bc78fa3c753f71549317074; expires=Tue, 04-Feb-20 21:51:14 GMT; path=/; domain=.registry.npmjs.org; HttpOnly' ],
20 verbose headers   'cf-cache-status': 'HIT',
20 verbose headers   'cache-control': 'max-age=300',
20 verbose headers   'cf-ray': '4a405b82dd045a74-BOS',
20 verbose headers   etag: 'W/"5468ae444300140abca42c3f135f3157"',
20 verbose headers   'expect-ct': 'max-age=604800, report-uri="https://report-uri.cloudflare.com/cdn-cgi/beacon/expect-ct"',
20 verbose headers   'last-modified': 'Mon, 04 Feb 2019 03:32:04 GMT',
20 verbose headers   vary: 'accept-encoding, accept',
20 verbose headers   'x-amz-meta-rev': '755-c0c6edff9a979562373e8d0d81c10081',
20 verbose headers   server: 'cloudflare',
20 verbose headers   'content-encoding': 'gzip' }
21 silly get cb [ 200,
21 silly get   { date: 'Mon, 04 Feb 2019 21:51:14 GMT',
21 silly get     'content-type': 'application/json',
21 silly get     'transfer-encoding': 'chunked',
21 silly get     connection: 'keep-alive',
21 silly get     'set-cookie': [ '__cfduid=de261bbc2a7135f9e9a8bc78fa3c753f71549317074; expires=Tue, 04-Feb-20 21:51:14 GMT; path=/; domain=.registry.npmjs.org; HttpOnly' ],
21 silly get     'cf-cache-status': 'HIT',
21 silly get     'cache-control': 'max-age=300',
21 silly get     'cf-ray': '4a405b82dd045a74-BOS',
21 silly get     etag: 'W/"5468ae444300140abca42c3f135f3157"',
21 silly get     'expect-ct': 'max-age=604800, report-uri="https://report-uri.cloudflare.com/cdn-cgi/beacon/expect-ct"',
21 silly get     'last-modified': 'Mon, 04 Feb 2019 03:32:04 GMT',
21 silly get     vary: 'accept-encoding, accept',
21 silly get     'x-amz-meta-rev': '755-c0c6edff9a979562373e8d0d81c10081',
21 silly get     server: 'cloudflare',
21 silly get     'content-encoding': 'gzip' } ]
22 verbose get saving now to /Users/jfrank/.npm/registry.npmjs.org/now/.cache.json
23 verbose correctMkdir /Users/jfrank/.npm correctMkdir not in flight; initializing
24 silly install normalizeTree
25 silly loadCurrentTree Finishing
26 silly loadIdealTree Starting
27 silly install loadIdealTree
28 silly cloneCurrentTree Starting
29 silly install cloneCurrentTreeToIdealTree
30 silly cloneCurrentTree Finishing
31 silly loadShrinkwrap Starting
32 silly install loadShrinkwrap
33 silly loadShrinkwrap Finishing
34 silly loadAllDepsIntoIdealTree Starting
35 silly install loadAllDepsIntoIdealTree
36 silly resolveWithNewModule now@13.1.3 checking installable status
37 silly cache add args [ 'now', null ]
38 verbose cache add spec now
39 silly cache add parsed spec Result {
39 silly cache add   raw: 'now',
39 silly cache add   scope: null,
39 silly cache add   escapedName: 'now',
39 silly cache add   name: 'now',
39 silly cache add   rawSpec: '',
39 silly cache add   spec: 'latest',
39 silly cache add   type: 'tag' }
40 silly addNamed now@latest
41 verbose addNamed "latest" is being treated as a dist-tag for now
42 info addNameTag [ 'now', 'latest' ]
43 silly mapToRegistry name now
44 silly mapToRegistry using default registry
45 silly mapToRegistry registry https://registry.npmjs.org/
46 silly mapToRegistry data Result {
46 silly mapToRegistry   raw: 'now',
46 silly mapToRegistry   scope: null,
46 silly mapToRegistry   escapedName: 'now',
46 silly mapToRegistry   name: 'now',
46 silly mapToRegistry   rawSpec: '',
46 silly mapToRegistry   spec: 'latest',
46 silly mapToRegistry   type: 'tag' }
47 silly mapToRegistry uri https://registry.npmjs.org/now
48 verbose addNameTag registry:https://registry.npmjs.org/now not in flight; fetching
49 verbose get https://registry.npmjs.org/now not expired, no request
50 silly addNameTag next cb for now with tag latest
51 silly addNamed now@13.1.3
52 verbose addNamed "13.1.3" is a plain semver version for now
53 silly mapToRegistry name now
54 silly mapToRegistry using default registry
55 silly mapToRegistry registry https://registry.npmjs.org/
56 silly mapToRegistry data Result {
56 silly mapToRegistry   raw: 'now',
56 silly mapToRegistry   scope: null,
56 silly mapToRegistry   escapedName: 'now',
56 silly mapToRegistry   name: 'now',
56 silly mapToRegistry   rawSpec: '',
56 silly mapToRegistry   spec: 'latest',
56 silly mapToRegistry   type: 'tag' }
57 silly mapToRegistry uri https://registry.npmjs.org/now
58 verbose addRemoteTarball https://registry.npmjs.org/now/-/now-13.1.3.tgz not in flight; adding
59 verbose addRemoteTarball [ 'https://registry.npmjs.org/now/-/now-13.1.3.tgz',
59 verbose addRemoteTarball   '3c7349faff895b81d1969d1a5465bddf8707829b' ]
60 info retry fetch attempt 1 at 4:51:15 PM
61 info attempt registry request try #1 at 4:51:15 PM
62 http fetch GET https://registry.npmjs.org/now/-/now-13.1.3.tgz
63 http fetch 200 https://registry.npmjs.org/now/-/now-13.1.3.tgz
64 silly fetchAndShaCheck shasum 3c7349faff895b81d1969d1a5465bddf8707829b
65 verbose addTmpTarball /tmp/npm-5330-a63cb6cb/registry.npmjs.org/now/-/now-13.1.3.tgz not in flight; adding
66 verbose addTmpTarball already have metadata; skipping unpack for now@13.1.3
67 verbose correctMkdir /Users/jfrank/.npm correctMkdir not in flight; initializing
68 silly cache afterAdd now@13.1.3
69 verbose afterAdd /Users/jfrank/.npm/now/13.1.3/package/package.json not in flight; writing
70 verbose correctMkdir /Users/jfrank/.npm correctMkdir not in flight; initializing
71 verbose afterAdd /Users/jfrank/.npm/now/13.1.3/package/package.json written
72 silly loadAllDepsIntoIdealTree Finishing
73 silly loadIdealTree Finishing
74 silly currentTree lib
75 silly idealTree lib
75 silly idealTree └── now@13.1.3
76 silly generateActionsToTake Starting
77 silly install generateActionsToTake
78 silly generateActionsToTake Finishing
79 silly diffTrees action count 1
80 silly diffTrees add now@13.1.3
81 silly decomposeActions action count 8
82 silly decomposeActions fetch now@13.1.3
83 silly decomposeActions extract now@13.1.3
84 silly decomposeActions test now@13.1.3
85 silly decomposeActions preinstall now@13.1.3
86 silly decomposeActions build now@13.1.3
87 silly decomposeActions install now@13.1.3
88 silly decomposeActions postinstall now@13.1.3
89 silly decomposeActions finalize now@13.1.3
90 silly runTopLevelLifecycles Starting
91 silly executeActions Starting
92 silly install executeActions
93 silly doSerial global-install 0
94 silly doParallel fetch 1
95 verbose correctMkdir /Users/jfrank/.npm/_locks correctMkdir not in flight; initializing
96 verbose lock using /Users/jfrank/.npm/_locks/staging-3a08f0df5026584d.lock for /usr/local/lib/node_modules/.staging
97 silly doParallel extract 1
98 silly extract now@13.1.3
99 verbose unbuild lib/node_modules/.staging/now-b6975e36
100 silly gentlyRm /usr/local/lib/node_modules/.staging/now-b6975e36 is being purged from base /usr/local
101 verbose gentlyRm don't care about contents; nuking /usr/local/lib/node_modules/.staging/now-b6975e36
102 verbose tar unpack /Users/jfrank/.npm/now/13.1.3/package.tgz
103 verbose tar unpacking to /usr/local/lib/node_modules/.staging/now-b6975e36
104 silly gentlyRm /usr/local/lib/node_modules/.staging/now-b6975e36 is being purged
105 verbose gentlyRm don't care about contents; nuking /usr/local/lib/node_modules/.staging/now-b6975e36
106 silly gunzTarPerm modes [ '755', '644' ]
107 silly gunzTarPerm extractEntry package.json
108 silly gunzTarPerm extractEntry LICENSE
109 silly gunzTarPerm extractEntry README.md
110 silly gunzTarPerm extractEntry download/dist/index.js
111 silly gunzTarPerm extractEntry download/dist/now
112 silly gunzTarPerm extractEntry download/install.js
113 silly gentlyRm /usr/local/lib/node_modules/.staging/now-b6975e36/node_modules is being purged
114 verbose gentlyRm don't care about contents; nuking /usr/local/lib/node_modules/.staging/now-b6975e36/node_modules
115 silly doParallel preinstall 1
116 silly preinstall now@13.1.3 /usr/local/lib/node_modules/.staging/now-b6975e36
117 info lifecycle now@13.1.3~preinstall: now@13.1.3
118 silly lifecycle now@13.1.3~preinstall: no script for preinstall, continuing
119 silly doReverseSerial remove 0
120 silly doSerial move 0
121 silly doSerial finalize 1
122 silly finalize /usr/local/lib/node_modules/now
123 silly doSerial build 1
124 silly build now@13.1.3
125 info linkStuff now@13.1.3
126 silly linkStuff now@13.1.3 has /usr/local/lib/node_modules as its parent node_modules
127 silly linkStuff now@13.1.3 is part of a global install
128 silly linkStuff now@13.1.3 is installed into a global node_modules
129 silly linkStuff now@13.1.3 is installed into the top-level global node_modules
130 verbose linkBins now@13.1.3
131 verbose link bins [ { now: 'download/dist/now' }, '/usr/local/bin', true ]
132 verbose linkMans now@13.1.3
133 silly gentlyRm /usr/local/bin/now is being gently removed
134 silly doSerial global-link 0
135 silly doParallel update-linked 0
136 silly doSerial install 1
137 silly install now@13.1.3 /usr/local/lib/node_modules/.staging/now-b6975e36
138 info lifecycle now@13.1.3~install: now@13.1.3
139 silly lifecycle now@13.1.3~install: no script for install, continuing
140 silly doSerial postinstall 1
141 silly postinstall now@13.1.3 /usr/local/lib/node_modules/.staging/now-b6975e36
142 info lifecycle now@13.1.3~postinstall: now@13.1.3
143 verbose lifecycle now@13.1.3~postinstall: unsafe-perm in lifecycle false
144 verbose lifecycle now@13.1.3~postinstall: PATH: /usr/local/lib/node_modules/npm/bin/node-gyp-bin:/usr/local/lib/node_modules/now/node_modules/.bin:/usr/local/lib/node_modules/.bin:/Users/jfrank/Library/Python/3.6/bin:/usr/local/bin:/usr/bin:/bin:/usr/sbin:/sbin:/Library/TeX/texbin:/usr/local/share/dotnet:~/.dotnet/tools:/Library/Frameworks/Mono.framework/Versions/Current/Commands:/Users/jfrank/q/m32
145 verbose lifecycle now@13.1.3~postinstall: CWD: /usr/local/lib/node_modules/now
146 silly lifecycle now@13.1.3~postinstall: Args: [ '-c', 'node download/install.js' ]
147 silly lifecycle now@13.1.3~postinstall: Returned: code: 1  signal: null
148 info lifecycle now@13.1.3~postinstall: Failed to exec postinstall script
149 verbose unlock done using /Users/jfrank/.npm/_locks/staging-3a08f0df5026584d.lock for /usr/local/lib/node_modules/.staging
150 silly rollbackFailedOptional Starting
151 silly rollbackFailedOptional Finishing
152 silly runTopLevelLifecycles Finishing
153 silly install printInstalled
154 verbose stack Error: now@13.1.3 postinstall: `node download/install.js`
154 verbose stack Exit status 1
154 verbose stack     at EventEmitter.<anonymous> (/usr/local/lib/node_modules/npm/lib/utils/lifecycle.js:255:16)
154 verbose stack     at emitTwo (events.js:106:13)
154 verbose stack     at EventEmitter.emit (events.js:191:7)
154 verbose stack     at ChildProcess.<anonymous> (/usr/local/lib/node_modules/npm/lib/utils/spawn.js:40:14)
154 verbose stack     at emitTwo (events.js:106:13)
154 verbose stack     at ChildProcess.emit (events.js:191:7)
154 verbose stack     at maybeClose (internal/child_process.js:886:16)
154 verbose stack     at Process.ChildProcess._handle.onexit (internal/child_process.js:226:5)
155 verbose pkgid now@13.1.3
156 verbose cwd /Users/jfrank/Deep_Learning_Journey/fast-ai/part1
157 error Darwin 18.0.0
158 error argv "/usr/local/bin/node" "/usr/local/bin/npm" "install" "-g" "now"
159 error node v6.10.3
160 error npm  v3.10.10
161 error code ELIFECYCLE
162 error now@13.1.3 postinstall: `node download/install.js`
162 error Exit status 1
163 error Failed at the now@13.1.3 postinstall script 'node download/install.js'.
163 error Make sure you have the latest version of node.js and npm installed.
163 error If you do, this is most likely a problem with the now package,
163 error not with npm itself.
163 error Tell the author that this fails on your system:
163 error     node download/install.js
163 error You can get information on how to open an issue for this project with:
163 error     npm bugs now
163 error Or if that isn't available, you can get their info via:
163 error     npm owner ls now
163 error There is likely additional logging output above.
164 verbose exit [ 1, true ]
